Calling target program-options parser
[08:06:24.683] [bmv2] [D] [thread 12161] Set default entry for table 'ipv4_lpm': NoAction - 
[08:06:24.683] [bmv2] [D] [thread 12161] Set default entry for table 'tbl_add_mri_option': add_mri_option - 
[08:06:24.683] [bmv2] [D] [thread 12161] Set default entry for table 'swid': NoAction - 
[08:06:24.683] [bmv2] [D] [thread 12161] Set default entry for table 'tbl_remove_swid': remove_swid - 
Adding interface s1-eth1 as port 1
[08:06:24.684] [bmv2] [D] [thread 12161] Adding interface s1-eth1 as port 1
Adding interface s1-eth2 as port 2
[08:06:24.684] [bmv2] [D] [thread 12161] Adding interface s1-eth2 as port 2
Adding interface s1-eth3 as port 3
[08:06:24.685] [bmv2] [D] [thread 12161] Adding interface s1-eth3 as port 3
Thrift server was started
[08:06:28.991] [bmv2] [T] [thread 12240] bm_get_config
[08:06:28.996] [bmv2] [T] [thread 12240] bm_set_default_action
[08:06:28.996] [bmv2] [D] [thread 12240] Set default entry for table 'ipv4_lpm': drop - 
[08:06:28.997] [bmv2] [T] [thread 12240] bm_set_default_action
[08:06:28.997] [bmv2] [D] [thread 12240] Set default entry for table 'swid': add_swid - 1,
[08:06:28.999] [bmv2] [T] [thread 12240] bm_table_add_entry
[08:06:28.999] [bmv2] [D] [thread 12240] Entry 0 added to table 'ipv4_lpm'
[08:06:28.999] [bmv2] [D] [thread 12240] Dumping entry 0
Match key:
* ipv4.dstAddr        : LPM       0a00010a/32
Action entry: ipv4_forward - 400000001,1,

[08:06:29.001] [bmv2] [T] [thread 12240] bm_table_add_entry
[08:06:29.001] [bmv2] [D] [thread 12240] Entry 1 added to table 'ipv4_lpm'
[08:06:29.001] [bmv2] [D] [thread 12240] Dumping entry 1
Match key:
* ipv4.dstAddr        : LPM       0a00020a/32
Action entry: ipv4_forward - f2ede6df4efa,2,

[08:06:29.003] [bmv2] [T] [thread 12240] bm_table_add_entry
[08:06:29.003] [bmv2] [D] [thread 12240] Entry 2 added to table 'ipv4_lpm'
[08:06:29.003] [bmv2] [D] [thread 12240] Dumping entry 2
Match key:
* ipv4.dstAddr        : LPM       0a00030a/32
Action entry: ipv4_forward - f2ede6df4efb,2,

