Calling target program-options parser
[08:06:26.696] [bmv2] [D] [thread 12188] Set default entry for table 'ipv4_lpm': NoAction - 
[08:06:26.696] [bmv2] [D] [thread 12188] Set default entry for table 'tbl_add_mri_option': add_mri_option - 
[08:06:26.696] [bmv2] [D] [thread 12188] Set default entry for table 'swid': NoAction - 
[08:06:26.696] [bmv2] [D] [thread 12188] Set default entry for table 'tbl_remove_swid': remove_swid - 
Adding interface s3-eth1 as port 1
[08:06:26.697] [bmv2] [D] [thread 12188] Adding interface s3-eth1 as port 1
Adding interface s3-eth2 as port 2
[08:06:26.697] [bmv2] [D] [thread 12188] Adding interface s3-eth2 as port 2
Adding interface s3-eth3 as port 3
[08:06:26.698] [bmv2] [D] [thread 12188] Adding interface s3-eth3 as port 3
Thrift server was started
[08:06:28.797] [bmv2] [T] [thread 12236] bm_get_config
[08:06:28.803] [bmv2] [T] [thread 12236] bm_set_default_action
[08:06:28.803] [bmv2] [D] [thread 12236] Set default entry for table 'ipv4_lpm': drop - 
[08:06:28.804] [bmv2] [T] [thread 12236] bm_set_default_action
[08:06:28.804] [bmv2] [D] [thread 12236] Set default entry for table 'swid': add_swid - 3,
[08:06:28.805] [bmv2] [T] [thread 12236] bm_table_add_entry
[08:06:28.805] [bmv2] [D] [thread 12236] Entry 0 added to table 'ipv4_lpm'
[08:06:28.805] [bmv2] [D] [thread 12236] Dumping entry 0
Match key:
* ipv4.dstAddr        : LPM       0a00030a/32
Action entry: ipv4_forward - 400000003,1,

[08:06:28.808] [bmv2] [T] [thread 12236] bm_table_add_entry
[08:06:28.808] [bmv2] [D] [thread 12236] Entry 1 added to table 'ipv4_lpm'
[08:06:28.808] [bmv2] [D] [thread 12236] Dumping entry 1
Match key:
* ipv4.dstAddr        : LPM       0a00010a/32
Action entry: ipv4_forward - f2ede6df4efb,3,

[08:06:28.810] [bmv2] [T] [thread 12236] bm_table_add_entry
[08:06:28.810] [bmv2] [D] [thread 12236] Entry 2 added to table 'ipv4_lpm'
[08:06:28.810] [bmv2] [D] [thread 12236] Dumping entry 2
Match key:
* ipv4.dstAddr        : LPM       0a00020a/32
Action entry: ipv4_forward - f2ede6df4efa,3,

open: No such file or directory
open: No such file or directory
open: No such file or directory
